Arguments: 
  /usr/local/bin/node /home/maciel/.yarn/bin/yarn.js add -D @typescript-eslint/eslint-plugin@latest @typescript-eslint/parser@latest eslint@latest

PATH: 
  /home/maciel/.npm/_npx/abe235584debfe0e/node_modules/.bin:/home/maciel/WORKS/opjs/api/node_modules/.bin:/home/maciel/WORKS/opjs/node_modules/.bin:/home/maciel/WORKS/node_modules/.bin:/home/maciel/node_modules/.bin:/home/node_modules/.bin:/node_modules/.bin:/usr/local/lib/node_modules/npm/node_modules/@npmcli/run-script/lib/node-gyp-bin:/home/maciel/.yarn/bin:/home/maciel/.config/yarn/global/node_modules/.bin:/home/maciel/.npm-global/bin:/home/maciel/.vscode-server/bin/ee2b180d582a7f601fa6ecfdad8d9fd269ab1884/bin/remote-cli:/home/maciel/.yarn/bin:/home/maciel/.config/yarn/global/node_modules/.bin:/home/maciel/.local/share/zinit/polaris/bin:/home/maciel/.npm-global/bin:/usr/local/sbin:/usr/local/bin:/usr/sbin:/usr/bin:/sbin:/bin:/usr/games:/usr/local/games:/usr/lib/wsl/lib:/mnt/c/Python311/Scripts/:/mnt/c/Python311/:/mnt/c/WINDOWS/system32:/mnt/c/WINDOWS:/mnt/c/WINDOWS/System32/Wbem:/mnt/c/WINDOWS/System32/WindowsPowerShell/v1.0/:/mnt/c/WINDOWS/System32/OpenSSH/:/mnt/c/ProgramData/chocolatey/bin:/mnt/c/Program Files/Git/cmd:/mnt/c/Program Files/nodejs/:/mnt/c/Users/henri/AppData/Local/Microsoft/WindowsApps:/mnt/c/Users/henri/AppData/Local/Programs/Microsoft VS Code/bin:/mnt/c/Users/henri/AppData/Local/GitHubDesktop/bin:/mnt/c/Users/henri/AppData/Roaming/npm

Yarn version: 
  1.22.19

Node version: 
  19.0.1

Platform: 
  linux x64

Trace: 
  Error: getaddrinfo EAI_AGAIN registry.yarnpkg.com
      at GetAddrInfoReqWrap.onlookup [as oncomplete] (node:dns:107:26)

npm manifest: 
  {
    "name": "api",
    "version": "1.0.0",
    "main": "index.js",
    "license": "MIT",
    "scripts": {
      "build": "tsc"
    },
    "devDependencies": {
      "typescript": "^5.0.2"
    }
  }

yarn manifest: 
  No manifest

Lockfile: 
  # THIS IS AN AUTOGENERATED FILE. DO NOT EDIT THIS FILE DIRECTLY.
  # yarn lockfile v1
  
  
  typescript@^5.0.2:
    version "5.0.2"
    resolved "https://registry.yarnpkg.com/typescript/-/typescript-5.0.2.tgz#891e1a90c5189d8506af64b9ef929fca99ba1ee5"
    integrity sha512-wVORMBGO/FAs/++blGNeAVdbNKtIh1rbBL2EyQ1+J9lClJ93KiiKe8PmFIVdXhHcyv44SL9oglmfeSsndo0jRw==
